[2020-03-27T17:14:27.952] [DEBUG] cheese - login => username:3213,password:412412
[2020-03-27T17:14:27.974] [DEBUG] cheese - 3213
[2020-03-27T17:14:28.064] [DEBUG] cheese - null
[2020-03-27T17:14:28.064] [DEBUG] cheese - null
[2020-03-27T17:15:10.999] [DEBUG] cheese - login => username:231,password:41241213
[2020-03-27T17:15:10.999] [DEBUG] cheese - 231
[2020-03-27T17:15:11.005] [DEBUG] cheese - null
[2020-03-27T17:15:11.005] [DEBUG] cheese - null
[2020-03-27T17:16:08.120] [DEBUG] cheese - login => username:3123123,password:41241241
[2020-03-27T17:16:08.121] [DEBUG] cheese - 3123123
[2020-03-27T17:16:08.123] [DEBUG] cheese - null
[2020-03-27T17:16:08.123] [DEBUG] cheese - null
[2020-03-27T17:16:47.757] [DEBUG] cheese - login => username:zce,password:123456
[2020-03-27T17:16:47.757] [DEBUG] cheese - zce
[2020-03-27T17:16:47.759] [DEBUG] cheese - null
[2020-03-27T17:16:47.759] [DEBUG] cheese - null
[2020-03-27T17:17:00.556] [DEBUG] cheese - login => username:zce,password:123456789
[2020-03-27T17:17:00.557] [DEBUG] cheese - zce
[2020-03-27T17:17:00.559] [DEBUG] cheese - null
[2020-03-27T17:17:00.559] [DEBUG] cheese - null
[2020-03-27T17:17:07.453] [DEBUG] cheese - login => username:zce,password:000000
[2020-03-27T17:17:07.453] [DEBUG] cheese - zce
[2020-03-27T17:17:07.456] [DEBUG] cheese - null
[2020-03-27T17:17:07.456] [DEBUG] cheese - null
[2020-03-27T17:18:39.135] [DEBUG] cheese - login => username:231123,password:4214231
[2020-03-27T17:18:39.135] [DEBUG] cheese - 231123
[2020-03-27T17:18:39.137] [DEBUG] cheese - null
[2020-03-27T17:18:39.137] [DEBUG] cheese - null
[2020-03-27T17:20:09.412] [DEBUG] cheese - login => username:zce,password:1234567
[2020-03-27T17:20:09.412] [DEBUG] cheese - zce
[2020-03-27T17:20:09.415] [DEBUG] cheese - null
[2020-03-27T17:20:09.415] [DEBUG] cheese - null
[2020-03-27T17:20:15.364] [DEBUG] cheese - login => username:zce,password:1234567
[2020-03-27T17:20:15.364] [DEBUG] cheese - zce
[2020-03-27T17:20:15.366] [DEBUG] cheese - null
[2020-03-27T17:20:15.367] [DEBUG] cheese - null
[2020-03-27T17:20:15.931] [DEBUG] cheese - login => username:zce,password:1234567
[2020-03-27T17:20:15.931] [DEBUG] cheese - zce
[2020-03-27T17:20:15.934] [DEBUG] cheese - null
[2020-03-27T17:20:15.934] [DEBUG] cheese - null
[2020-03-27T17:20:16.098] [DEBUG] cheese - login => username:zce,password:1234567
[2020-03-27T17:20:16.098] [DEBUG] cheese - zce
[2020-03-27T17:20:16.101] [DEBUG] cheese - null
[2020-03-27T17:20:16.102] [DEBUG] cheese - null
[2020-03-27T17:20:16.289] [DEBUG] cheese - login => username:zce,password:1234567
[2020-03-27T17:20:16.289] [DEBUG] cheese - zce
[2020-03-27T17:20:16.292] [DEBUG] cheese - null
[2020-03-27T17:20:16.292] [DEBUG] cheese - null
[2020-03-27T17:20:31.435] [DEBUG] cheese - login => username:admin,password:123456
[2020-03-27T17:20:31.436] [DEBUG] cheese - admin
[2020-03-27T17:20:31.440] [DEBUG] cheese - null
[2020-03-27T17:20:31.440] [DEBUG] cheese - null
[2020-03-27T17:27:57.544] [DEBUG] cheese - login => username:2312,password:42141421
[2020-03-27T17:27:57.544] [DEBUG] cheese - 2312
[2020-03-27T17:27:57.546] [DEBUG] cheese - null
[2020-03-27T17:27:57.546] [DEBUG] cheese - null
[2020-03-27T17:28:03.331] [DEBUG] cheese - login => username:admin,password:123456
[2020-03-27T17:28:03.331] [DEBUG] cheese - admin
[2020-03-27T17:28:03.334] [DEBUG] cheese - null
[2020-03-27T17:28:03.334] [DEBUG] cheese - null
[2020-03-29T09:30:31.759] [DEBUG] cheese - login => username:admin,password:123456
[2020-03-29T09:30:31.760] [DEBUG] cheese - admin
[2020-03-29T09:30:32.606] [DEBUG] cheese - null
[2020-03-29T09:30:32.606] [DEBUG] cheese - null
[2020-03-29T09:30:45.839] [DEBUG] cheese - login => username:admin,password:123456
[2020-03-29T09:30:45.840] [DEBUG] cheese - admin
[2020-03-29T09:30:45.853] [DEBUG] cheese - null
[2020-03-29T09:30:45.853] [DEBUG] cheese - null
[2020-03-29T09:31:21.511] [DEBUG] cheese - login => username:admin,password:123456
[2020-03-29T09:31:21.511] [DEBUG] cheese - admin
[2020-03-29T09:31:21.515] [DEBUG] cheese - null
[2020-03-29T09:31:21.515] [DEBUG] cheese - null
[2020-03-29T09:31:22.930] [DEBUG] cheese - login => username:admin,password:123456
[2020-03-29T09:31:22.930] [DEBUG] cheese - admin
[2020-03-29T09:31:22.935] [DEBUG] cheese - null
[2020-03-29T09:31:22.935] [DEBUG] cheese - null
[2020-03-29T09:31:23.441] [DEBUG] cheese - login => username:admin,password:123456
[2020-03-29T09:31:23.441] [DEBUG] cheese - admin
[2020-03-29T09:31:23.443] [DEBUG] cheese - null
[2020-03-29T09:31:23.444] [DEBUG] cheese - null
[2020-03-29T09:31:23.690] [DEBUG] cheese - login => username:admin,password:123456
[2020-03-29T09:31:23.690] [DEBUG] cheese - admin
[2020-03-29T09:31:23.693] [DEBUG] cheese - null
[2020-03-29T09:31:23.693] [DEBUG] cheese - null
[2020-03-29T09:31:23.883] [DEBUG] cheese - login => username:admin,password:123456
[2020-03-29T09:31:23.883] [DEBUG] cheese - admin
[2020-03-29T09:31:23.886] [DEBUG] cheese - null
[2020-03-29T09:31:23.886] [DEBUG] cheese - null
[2020-03-29T09:31:24.082] [DEBUG] cheese - login => username:admin,password:123456
[2020-03-29T09:31:24.082] [DEBUG] cheese - admin
[2020-03-29T09:31:24.088] [DEBUG] cheese - null
[2020-03-29T09:31:24.088] [DEBUG] cheese - null
[2020-03-29T09:31:24.282] [DEBUG] cheese - login => username:admin,password:123456
[2020-03-29T09:31:24.282] [DEBUG] cheese - admin
[2020-03-29T09:31:24.286] [DEBUG] cheese - null
[2020-03-29T09:31:24.286] [DEBUG] cheese - null
[2020-03-29T09:31:24.490] [DEBUG] cheese - login => username:admin,password:123456
[2020-03-29T09:31:24.490] [DEBUG] cheese - admin
[2020-03-29T09:31:24.493] [DEBUG] cheese - null
[2020-03-29T09:31:24.493] [DEBUG] cheese - null
[2020-03-29T09:31:24.674] [DEBUG] cheese - login => username:admin,password:123456
[2020-03-29T09:31:24.674] [DEBUG] cheese - admin
[2020-03-29T09:31:24.677] [DEBUG] cheese - null
[2020-03-29T09:31:24.677] [DEBUG] cheese - null
[2020-03-29T09:31:24.859] [DEBUG] cheese - login => username:admin,password:123456
[2020-03-29T09:31:24.859] [DEBUG] cheese - admin
[2020-03-29T09:31:24.862] [DEBUG] cheese - null
[2020-03-29T09:31:24.863] [DEBUG] cheese - null
[2020-03-29T09:31:25.033] [DEBUG] cheese - login => username:admin,password:123456
[2020-03-29T09:31:25.033] [DEBUG] cheese - admin
[2020-03-29T09:31:25.037] [DEBUG] cheese - null
[2020-03-29T09:31:25.038] [DEBUG] cheese - null
[2020-03-29T09:32:02.880] [DEBUG] cheese - login => username:admin,password:123456
[2020-03-29T09:32:02.880] [DEBUG] cheese - admin
[2020-03-29T09:32:02.884] [DEBUG] cheese - null
[2020-03-29T09:32:02.884] [DEBUG] cheese - null
[2020-03-29T09:32:16.630] [DEBUG] cheese - login => username:admin,password:123456
[2020-03-29T09:32:16.630] [DEBUG] cheese - admin
[2020-03-29T09:32:16.633] [DEBUG] cheese - null
[2020-03-29T09:32:16.634] [DEBUG] cheese - null
[2020-03-29T09:32:18.926] [DEBUG] cheese - login => username:admin,password:123456
[2020-03-29T09:32:18.926] [DEBUG] cheese - admin
[2020-03-29T09:32:18.930] [DEBUG] cheese - null
[2020-03-29T09:32:18.930] [DEBUG] cheese - null
[2020-03-29T09:32:19.507] [DEBUG] cheese - login => username:admin,password:123456
[2020-03-29T09:32:19.508] [DEBUG] cheese - admin
[2020-03-29T09:32:19.510] [DEBUG] cheese - null
[2020-03-29T09:32:19.510] [DEBUG] cheese - null
[2020-03-29T09:32:21.853] [DEBUG] cheese - login => username:admin,password:123456
[2020-03-29T09:32:21.853] [DEBUG] cheese - admin
[2020-03-29T09:32:21.858] [DEBUG] cheese - null
[2020-03-29T09:32:21.858] [DEBUG] cheese - null
[2020-03-29T09:32:22.467] [DEBUG] cheese - login => username:admin,password:123456
[2020-03-29T09:32:22.467] [DEBUG] cheese - admin
[2020-03-29T09:32:22.471] [DEBUG] cheese - null
[2020-03-29T09:32:22.471] [DEBUG] cheese - null
[2020-03-29T09:32:27.356] [DEBUG] cheese - login => username:admin,password:123456
[2020-03-29T09:32:27.356] [DEBUG] cheese - admin
[2020-03-29T09:32:27.359] [DEBUG] cheese - null
[2020-03-29T09:32:27.359] [DEBUG] cheese - null
[2020-03-29T09:32:36.015] [DEBUG] cheese - login => username:admin,password:123456
[2020-03-29T09:32:36.015] [DEBUG] cheese - admin
[2020-03-29T09:32:36.019] [DEBUG] cheese - null
[2020-03-29T09:32:36.020] [DEBUG] cheese - null
[2020-03-29T09:45:59.341] [DEBUG] cheese - login => username:admin,password:123456
[2020-03-29T09:45:59.341] [DEBUG] cheese - admin
[2020-03-29T09:45:59.346] [DEBUG] cheese - null
[2020-03-29T09:45:59.346] [DEBUG] cheese - null
[2020-03-29T09:46:18.447] [DEBUG] cheese - login => username:admin,password:123456
[2020-03-29T09:46:18.447] [DEBUG] cheese - admin
[2020-03-29T09:46:18.452] [DEBUG] cheese - null
[2020-03-29T09:46:18.452] [DEBUG] cheese - null
[2020-03-29T09:46:37.092] [DEBUG] cheese - login => username:admin,password:123456
[2020-03-29T09:46:37.092] [DEBUG] cheese - admin
[2020-03-29T09:46:37.097] [DEBUG] cheese - null
[2020-03-29T09:46:37.097] [DEBUG] cheese - null
[2020-03-29T09:47:48.470] [DEBUG] cheese - login => username:admin,password:123456
[2020-03-29T09:47:48.470] [DEBUG] cheese - admin
[2020-03-29T09:47:48.479] [DEBUG] cheese - null
[2020-03-29T09:47:48.479] [DEBUG] cheese - null
[2020-03-29T09:47:53.553] [DEBUG] cheese - login => username:admin,password:123456
[2020-03-29T09:47:53.553] [DEBUG] cheese - admin
[2020-03-29T09:47:53.558] [DEBUG] cheese - null
[2020-03-29T09:47:53.559] [DEBUG] cheese - null
[2020-03-29T09:48:36.245] [DEBUG] cheese - login => username:admin,password:123456
[2020-03-29T09:48:36.246] [DEBUG] cheese - admin
[2020-03-29T09:48:36.250] [DEBUG] cheese - null
[2020-03-29T09:48:36.250] [DEBUG] cheese - null
[2020-03-29T09:48:55.339] [DEBUG] cheese - login => username:admin,password:123456
[2020-03-29T09:48:55.339] [DEBUG] cheese - admin
[2020-03-29T09:48:55.343] [DEBUG] cheese - null
[2020-03-29T09:48:55.344] [DEBUG] cheese - null
[2020-03-29T09:58:17.147] [DEBUG] cheese - login => username:admin,password:123456
[2020-03-29T09:58:17.147] [DEBUG] cheese - admin
[2020-03-29T09:58:17.152] [DEBUG] cheese - null
[2020-03-29T09:58:17.152] [DEBUG] cheese - null
[2020-03-29T09:58:26.993] [DEBUG] cheese - login => username:admin,password:123456
[2020-03-29T09:58:26.993] [DEBUG] cheese - admin
[2020-03-29T09:58:27.001] [DEBUG] cheese - null
[2020-03-29T09:58:27.001] [DEBUG] cheese - null
[2020-03-29T10:27:19.865] [DEBUG] cheese - login => username:admin,password:123456
[2020-03-29T10:27:19.865] [DEBUG] cheese - admin
[2020-03-29T10:27:19.869] [DEBUG] cheese - null
[2020-03-29T10:27:19.869] [DEBUG] cheese - null
[2020-03-29T10:27:23.254] [DEBUG] cheese - login => username:admin2,password:123456
[2020-03-29T10:27:23.255] [DEBUG] cheese - admin2
[2020-03-29T10:27:23.257] [DEBUG] cheese - null
[2020-03-29T10:27:23.257] [DEBUG] cheese - null
[2020-03-29T10:27:40.473] [DEBUG] cheese - login => username:admin,password:123456
[2020-03-29T10:27:40.473] [DEBUG] cheese - admin
[2020-03-29T10:27:40.476] [DEBUG] cheese - null
[2020-03-29T10:27:40.476] [DEBUG] cheese - null
[2020-03-29T10:36:38.351] [DEBUG] cheese - login => username:admin,password:123456
[2020-03-29T10:36:38.351] [DEBUG] cheese - admin
[2020-03-29T10:36:38.354] [DEBUG] cheese - null
[2020-03-29T10:36:38.355] [DEBUG] cheese - null
[2020-03-29T10:42:46.081] [DEBUG] cheese - login => username:admin,password:123456
[2020-03-29T10:42:46.081] [DEBUG] cheese - admin
[2020-03-29T10:42:46.084] [DEBUG] cheese - null
[2020-03-29T10:42:46.084] [DEBUG] cheese - null
[2020-03-29T10:42:48.261] [DEBUG] cheese - login => username:admin,password:123456
[2020-03-29T10:42:48.262] [DEBUG] cheese - admin
[2020-03-29T10:42:48.264] [DEBUG] cheese - null
[2020-03-29T10:42:48.265] [DEBUG] cheese - null
[2020-03-29T14:02:25.131] [DEBUG] cheese - login => username:admin,password:123456
[2020-03-29T14:02:25.132] [DEBUG] cheese - admin
[2020-03-29T14:02:25.143] [DEBUG] cheese - null
[2020-03-29T14:02:25.143] [DEBUG] cheese - null
[2020-03-29T14:13:36.381] [DEBUG] cheese - login => username:admin,password:123456
[2020-03-29T14:13:36.382] [DEBUG] cheese - admin
[2020-03-29T14:13:36.387] [DEBUG] cheese - null
[2020-03-29T14:13:36.387] [DEBUG] cheese - null
[2020-03-29T14:23:55.580] [DEBUG] cheese - login => username:admin,password:123456
[2020-03-29T14:23:55.581] [DEBUG] cheese - admin
[2020-03-29T14:23:55.583] [DEBUG] cheese - null
[2020-03-29T14:23:55.583] [DEBUG] cheese - null
[2020-03-29T15:27:08.622] [DEBUG] cheese - login => username:admin,password:123456
[2020-03-29T15:27:08.622] [DEBUG] cheese - admin
[2020-03-29T15:27:08.625] [DEBUG] cheese - null
[2020-03-29T15:27:08.625] [DEBUG] cheese - null
[2020-03-29T15:45:51.470] [DEBUG] cheese - login => username:admin,password:123456
[2020-03-29T15:45:51.471] [DEBUG] cheese - admin
[2020-03-29T15:45:51.474] [DEBUG] cheese - null
[2020-03-29T15:45:51.474] [DEBUG] cheese - null
[2020-03-29T16:41:09.471] [DEBUG] cheese - login => username:admin,password:123456
[2020-03-29T16:41:09.472] [DEBUG] cheese - admin
[2020-03-29T16:41:09.474] [DEBUG] cheese - null
[2020-03-29T16:41:09.474] [DEBUG] cheese - null
[2020-03-29T16:46:15.994] [DEBUG] cheese - login => username:admin,password:123456
[2020-03-29T16:46:15.994] [DEBUG] cheese - admin
[2020-03-29T16:46:15.997] [DEBUG] cheese - null
[2020-03-29T16:46:15.997] [DEBUG] cheese - null
[2020-03-29T17:27:50.801] [DEBUG] cheese - login => username:admin,password:123456
[2020-03-29T17:27:50.801] [DEBUG] cheese - admin
[2020-03-29T17:27:50.806] [DEBUG] cheese - null
[2020-03-29T17:27:50.806] [DEBUG] cheese - null
[2020-03-31T10:37:55.415] [DEBUG] cheese - login => username:admin,password:123456
[2020-03-31T10:37:55.416] [DEBUG] cheese - admin
[2020-03-31T10:37:55.507] [DEBUG] cheese - null
[2020-03-31T10:37:55.507] [DEBUG] cheese - null
[2020-03-31T13:35:10.015] [DEBUG] cheese - login => username:admin,password:123456
[2020-03-31T13:35:10.016] [DEBUG] cheese - admin
[2020-03-31T13:35:10.021] [DEBUG] cheese - null
[2020-03-31T13:35:10.021] [DEBUG] cheese - null
[2020-03-31T13:37:05.577] [DEBUG] cheese - login => username:admin,password:123456
[2020-03-31T13:37:05.577] [DEBUG] cheese - admin
[2020-03-31T13:37:05.580] [DEBUG] cheese - null
[2020-03-31T13:37:05.580] [DEBUG] cheese - null
[2020-03-31T13:37:38.563] [DEBUG] cheese - login => username:admin,password:123456
[2020-03-31T13:37:38.563] [DEBUG] cheese - admin
[2020-03-31T13:37:38.566] [DEBUG] cheese - null
[2020-03-31T13:37:38.566] [DEBUG] cheese - null
[2020-03-31T14:58:48.737] [DEBUG] cheese - login => username:admin,password:123456
[2020-03-31T14:58:48.737] [DEBUG] cheese - admin
[2020-03-31T14:58:48.740] [DEBUG] cheese - null
[2020-03-31T14:58:48.740] [DEBUG] cheese - null
[2020-03-31T14:58:53.072] [DEBUG] cheese - login => username:admin,password:123456
[2020-03-31T14:58:53.072] [DEBUG] cheese - admin
[2020-03-31T14:58:53.074] [DEBUG] cheese - null
[2020-03-31T14:58:53.074] [DEBUG] cheese - null
[2020-03-31T15:46:18.641] [DEBUG] cheese - login => username:admin,password:123456
[2020-03-31T15:46:18.641] [DEBUG] cheese - admin
[2020-03-31T15:46:18.644] [DEBUG] cheese - null
[2020-03-31T15:46:18.644] [DEBUG] cheese - null
[2020-03-31T17:19:39.012] [DEBUG] cheese - login => username:admin,password:123456
[2020-03-31T17:19:39.012] [DEBUG] cheese - admin
[2020-03-31T17:19:39.017] [DEBUG] cheese - null
[2020-03-31T17:19:39.017] [DEBUG] cheese - null
[2020-04-02T09:44:34.005] [DEBUG] cheese - login => username:admin,password:123456
[2020-04-02T09:44:34.007] [DEBUG] cheese - admin
[2020-04-02T09:44:34.115] [DEBUG] cheese - null
[2020-04-02T09:44:34.116] [DEBUG] cheese - null
[2020-04-02T10:08:25.802] [DEBUG] cheese - login => username:admin,password:123456
[2020-04-02T10:08:25.802] [DEBUG] cheese - admin
[2020-04-02T10:08:25.806] [DEBUG] cheese - null
[2020-04-02T10:08:25.806] [DEBUG] cheese - null
[2020-04-02T11:04:26.066] [DEBUG] cheese - login => username:admin,password:123456
[2020-04-02T11:04:26.066] [DEBUG] cheese - admin
[2020-04-02T11:04:26.069] [DEBUG] cheese - null
[2020-04-02T11:04:26.069] [DEBUG] cheese - null
[2020-04-02T15:21:54.983] [DEBUG] cheese - login => username:admin,password:123456
[2020-04-02T15:21:54.983] [DEBUG] cheese - admin
[2020-04-02T15:21:54.986] [DEBUG] cheese - null
[2020-04-02T15:21:54.986] [DEBUG] cheese - null
[2020-04-03T09:14:18.983] [DEBUG] cheese - login => username:admin,password:123456
[2020-04-03T09:14:18.984] [DEBUG] cheese - admin
[2020-04-03T09:14:19.051] [DEBUG] cheese - null
[2020-04-03T09:14:19.051] [DEBUG] cheese - null
[2020-04-06T14:45:31.851] [DEBUG] cheese - login => username:admin,password:123456
[2020-04-06T14:45:31.881] [DEBUG] cheese - admin
[2020-04-06T14:45:31.989] [DEBUG] cheese - null
[2020-04-06T14:45:31.990] [DEBUG] cheese - null
[2020-04-06T14:48:35.496] [DEBUG] cheese - login => username:admin,password:123456
[2020-04-06T14:48:35.496] [DEBUG] cheese - admin
[2020-04-06T14:48:35.500] [DEBUG] cheese - null
[2020-04-06T14:48:35.500] [DEBUG] cheese - null
[2020-04-07T09:10:01.708] [DEBUG] cheese - login => username:admin,password:123456
[2020-04-07T09:10:01.731] [DEBUG] cheese - admin
[2020-04-07T09:10:01.796] [DEBUG] cheese - null
[2020-04-07T09:10:01.808] [DEBUG] cheese - null
[2020-04-07T09:47:04.262] [DEBUG] cheese - login => username:admin,password:123456
[2020-04-07T09:47:04.262] [DEBUG] cheese - admin
[2020-04-07T09:47:04.265] [DEBUG] cheese - null
[2020-04-07T09:47:04.266] [DEBUG] cheese - null
[2020-04-07T09:49:49.360] [DEBUG] cheese - login => username:admin,password:123456
[2020-04-07T09:49:49.360] [DEBUG] cheese - admin
[2020-04-07T09:49:49.364] [DEBUG] cheese - null
[2020-04-07T09:49:49.365] [DEBUG] cheese - null
[2020-04-07T10:32:22.278] [DEBUG] cheese - login => username:admin,password:123456
[2020-04-07T10:32:22.278] [DEBUG] cheese - admin
[2020-04-07T10:32:22.281] [DEBUG] cheese - null
[2020-04-07T10:32:22.281] [DEBUG] cheese - null
[2020-04-07T10:33:46.223] [DEBUG] cheese - null
[2020-04-07T10:34:53.920] [DEBUG] cheese - null
[2020-04-07T10:40:12.038] [DEBUG] cheese - null
[2020-04-07T10:40:14.179] [DEBUG] cheese - null
[2020-04-07T16:36:49.334] [DEBUG] cheese - login => username:admin,password:123456
[2020-04-07T16:36:49.334] [DEBUG] cheese - admin
[2020-04-07T16:36:49.340] [DEBUG] cheese - null
[2020-04-07T16:36:49.340] [DEBUG] cheese - null
[2020-04-08T09:36:37.059] [DEBUG] cheese - login => username:admin,password:123456
[2020-04-08T09:36:37.081] [DEBUG] cheese - admin
[2020-04-08T09:36:37.146] [DEBUG] cheese - null
[2020-04-08T09:36:37.147] [DEBUG] cheese - null
[2020-04-09T10:59:02.372] [DEBUG] cheese - login => username:admin,password:123456
[2020-04-09T10:59:02.373] [DEBUG] cheese - admin
[2020-04-09T10:59:02.417] [DEBUG] cheese - null
[2020-04-09T10:59:02.417] [DEBUG] cheese - null
[2020-04-09T13:28:44.701] [DEBUG] cheese - login => username:admin,password:123456
[2020-04-09T13:28:44.701] [DEBUG] cheese - admin
[2020-04-09T13:28:44.705] [DEBUG] cheese - null
[2020-04-09T13:28:44.705] [DEBUG] cheese - null
[2020-05-19T10:05:54.537] [DEBUG] cheese - login => username:admin,password:123456
[2020-05-19T10:05:54.538] [DEBUG] cheese - admin
[2020-05-19T10:05:54.562] [DEBUG] cheese - null
[2020-05-19T10:05:54.563] [DEBUG] cheese - null
